Added Component: Designator=C1(CONDENSATEUR_CMS_0805)
Add component (AddParameter): Name = "Type"; Value = "CMS_0805"; VariantName = "[No Variations]"
Add component (AddParameter): Name = "Value"; Value = "10µF"; VariantName = "[No Variations]"
Added Component: Designator=C2(CONDENSATEUR_CMS_0805)
Add component (AddParameter): Name = "Type"; Value = "CMS_0805"; VariantName = "[No Variations]"
Add component (AddParameter): Name = "Value"; Value = "22µF"; VariantName = "[No Variations]"
Added Component: Designator=C3(CONDENSATEUR_CMS_0805)
Add component (AddParameter): Name = "Type"; Value = "CMS_0805"; VariantName = "[No Variations]"
Add component (AddParameter): Name = "Value"; Value = "10µF"; VariantName = "[No Variations]"
Added Component: Designator=C4(CONDENSATEUR_CMS_0805)
Add component (AddParameter): Name = "Type"; Value = "CMS_0805"; VariantName = "[No Variations]"
Add component (AddParameter): Name = "Value"; Value = "10µF"; VariantName = "[No Variations]"
Added Component: Designator=C5(CONDENSATEUR_CMS_0805)
Add component (AddParameter): Name = "Type"; Value = "CMS_0805"; VariantName = "[No Variations]"
Add component (AddParameter): Name = "Value"; Value = "0,1µF"; VariantName = "[No Variations]"
Added Component: Designator=C6(CONDENSATEUR_CMS_0805)
Add component (AddParameter): Name = "Type"; Value = "CMS_0805"; VariantName = "[No Variations]"
Add component (AddParameter): Name = "Value"; Value = "1µF"; VariantName = "[No Variations]"
Added Component: Designator=C7(CONDENSATEUR_CMS_0805)
Add component (AddParameter): Name = "Type"; Value = "CMS_0805"; VariantName = "[No Variations]"
Add component (AddParameter): Name = "Value"; Value = "1µF"; VariantName = "[No Variations]"
Added Component: Designator=D1(DIOAD928W47L399D179)
Add component (AddParameter): Name = "Check_prices"; Value = "https://www.snapeda.com/parts/BZX55C3V3/Taiwan+Semiconductor/view-part/?ref=eda"; VariantName = "[No Variations]"
Add component (AddParameter): Name = "Component Type"; Value = "Standard"; VariantName = "[No Variations]"
Add component (AddParameter): Name = "Design Item ID"; Value = "BZX55C3V3"; VariantName = "[No Variations]"
Add component (AddParameter): Name = "MF"; Value = "Taiwan Semiconductor"; VariantName = "[No Variations]"
Add component (AddParameter): Name = "MP"; Value = "BZX55C3V3"; VariantName = "[No Variations]"
Add component (AddParameter): Name = "Package"; Value = "DO-35-2 Taiwan Semiconductor"; VariantName = "[No Variations]"
Add component (AddParameter): Name = "Pin Count"; Value = "2"; VariantName = "[No Variations]"
Add component (AddParameter): Name = "SnapEDA_Link"; Value = "https://www.snapeda.com/parts/BZX55C3V3/Taiwan+Semiconductor/view-part/?ref=snap"; VariantName = "[No Variations]"
Add component (AddParameter): Name = "Source"; Value = "BZX55C3V3.SchLib"; VariantName = "[No Variations]"
Add component (AddParameter): Name = "Value"; Value = ""; VariantName = "[No Variations]"
Added Component: Designator=D2(DIOAD928W47L399D179)
Add component (AddParameter): Name = "Check_prices"; Value = "https://www.snapeda.com/parts/BZX55C3V3/Taiwan+Semiconductor/view-part/?ref=eda"; VariantName = "[No Variations]"
Add component (AddParameter): Name = "Component Type"; Value = "Standard"; VariantName = "[No Variations]"
Add component (AddParameter): Name = "Design Item ID"; Value = "BZX55C3V3"; VariantName = "[No Variations]"
Add component (AddParameter): Name = "MF"; Value = "Taiwan Semiconductor"; VariantName = "[No Variations]"
Add component (AddParameter): Name = "MP"; Value = "BZX55C3V3"; VariantName = "[No Variations]"
Add component (AddParameter): Name = "Package"; Value = "DO-35-2 Taiwan Semiconductor"; VariantName = "[No Variations]"
Add component (AddParameter): Name = "Pin Count"; Value = "2"; VariantName = "[No Variations]"
Add component (AddParameter): Name = "SnapEDA_Link"; Value = "https://www.snapeda.com/parts/BZX55C3V3/Taiwan+Semiconductor/view-part/?ref=snap"; VariantName = "[No Variations]"
Add component (AddParameter): Name = "Source"; Value = "BZX55C3V3.SchLib"; VariantName = "[No Variations]"
Add component (AddParameter): Name = "Value"; Value = ""; VariantName = "[No Variations]"
Added Component: Designator=L1(INDUCTANCE_CMS_0805)
Add component (AddParameter): Name = "Type"; Value = "CMS_0805"; VariantName = "[No Variations]"
Add component (AddParameter): Name = "Value"; Value = "1µH"; VariantName = "[No Variations]"
Added Component: Designator=R1(RESISTANCE_CMS_0805)
Add component (AddParameter): Name = "Type"; Value = "CMS_0805"; VariantName = "[No Variations]"
Add component (AddParameter): Name = "Value"; Value = "100K"; VariantName = "[No Variations]"
Added Component: Designator=R2(RESISTANCE_CMS_0805)
Add component (AddParameter): Name = "Type"; Value = "CMS_0805"; VariantName = "[No Variations]"
Add component (AddParameter): Name = "Value"; Value = "1M"; VariantName = "[No Variations]"
Added Component: Designator=R3(RESISTANCE_CMS_0805)
Add component (AddParameter): Name = "Type"; Value = "CMS_0805"; VariantName = "[No Variations]"
Add component (AddParameter): Name = "Value"; Value = "137K"; VariantName = "[No Variations]"
Added Component: Designator=R4(RESISTANCE_CMS_0805)
Add component (AddParameter): Name = "Type"; Value = "CMS_0805"; VariantName = "[No Variations]"
Add component (AddParameter): Name = "Value"; Value = "1K"; VariantName = "[No Variations]"
Added Component: Designator=R5(RESISTANCE_CMS_0805)
Add component (AddParameter): Name = "Type"; Value = "CMS_0805"; VariantName = "[No Variations]"
Add component (AddParameter): Name = "Value"; Value = "150"; VariantName = "[No Variations]"
Added Component: Designator=R6(RESISTANCE_CMS_0805)
Add component (AddParameter): Name = "Type"; Value = "CMS_0805"; VariantName = "[No Variations]"
Add component (AddParameter): Name = "Value"; Value = "150"; VariantName = "[No Variations]"
Added Component: Designator=R7(RESISTANCE_CMS_0805)
Add component (AddParameter): Name = "Type"; Value = "CMS_0805"; VariantName = "[No Variations]"
Add component (AddParameter): Name = "Value"; Value = "500"; VariantName = "[No Variations]"
Added Component: Designator=R8(RESISTANCE_CMS_0805)
Add component (AddParameter): Name = "Type"; Value = "CMS_0805"; VariantName = "[No Variations]"
Add component (AddParameter): Name = "Value"; Value = "1K"; VariantName = "[No Variations]"
Added Pin To Net: NetName=+3.3V Pin=C2-2
Added Pin To Net: NetName=+3.3V Pin=U2-2
Added Net: Name=+3.3V
Added Pin To Net: NetName=+5 Pin=C7-2
Added Pin To Net: NetName=+5 Pin=R8-2
Added Pin To Net: NetName=+5 Pin=U2-1
Added Pin To Net: NetName=+5 Pin=U2-2
Added Pin To Net: NetName=+5 Pin=U2-6
Added Net: Name=+5
Added Pin To Net: NetName=+5V Pin=C1-1
Added Pin To Net: NetName=+5V Pin=C4-2
Added Pin To Net: NetName=+5V Pin=R2-2
Added Pin To Net: NetName=+5V Pin=U2-3
Added Pin To Net: NetName=+5V Pin=U3-2
Added Net: Name=+5V
Added Pin To Net: NetName=+BAT Pin=C6-2
Added Pin To Net: NetName=+BAT Pin=R1-2
Added Pin To Net: NetName=+BAT Pin=R4-2
Added Pin To Net: NetName=+BAT Pin=R7-2
Added Pin To Net: NetName=+BAT Pin=U2-10
Added Pin To Net: NetName=+BAT Pin=U3-1
Added Net: Name=+BAT
Added Pin To Net: NetName=-BAT Pin=C5-1
Added Pin To Net: NetName=-BAT Pin=D1-A
Added Pin To Net: NetName=-BAT Pin=D2-A
Added Pin To Net: NetName=-BAT Pin=U6-2
Added Pin To Net: NetName=-BAT Pin=U6-7
Added Net: Name=-BAT
Added Pin To Net: NetName=GND Pin=C1-2
Added Pin To Net: NetName=GND Pin=C2-1
Added Pin To Net: NetName=GND Pin=C3-1
Added Pin To Net: NetName=GND Pin=C4-1
Added Pin To Net: NetName=GND Pin=C6-1
Added Pin To Net: NetName=GND Pin=C7-1
Added Pin To Net: NetName=GND Pin=R3-1
Added Pin To Net: NetName=GND Pin=R8-1
Added Pin To Net: NetName=GND Pin=U2-1
Added Pin To Net: NetName=GND Pin=U2-5
Added Pin To Net: NetName=GND Pin=U3-4
Added Pin To Net: NetName=GND Pin=U3-6
Added Net: Name=GND
Added Pin To Net: NetName=NetC5_2 Pin=C5-2
Added Pin To Net: NetName=NetC5_2 Pin=R7-1
Added Pin To Net: NetName=NetC5_2 Pin=U6-4
Added Net: Name=NetC5_2
Added Pin To Net: NetName=NetD1_C Pin=D1-C
Added Pin To Net: NetName=NetD1_C Pin=R4-1
Added Pin To Net: NetName=NetD1_C Pin=R5-1
Added Pin To Net: NetName=NetD1_C Pin=U6-3
Added Pin To Net: NetName=NetD1_C Pin=U6-6
Added Net: Name=NetD1_C
Added Pin To Net: NetName=NetD2_C Pin=D2-C
Added Pin To Net: NetName=NetD2_C Pin=R6-1
Added Pin To Net: NetName=NetD2_C Pin=U6-5
Added Net: Name=NetD2_C
Added Pin To Net: NetName=NetL1_1 Pin=L1-1
Added Pin To Net: NetName=NetL1_1 Pin=U3-3
Added Net: Name=NetL1_1
Added Pin To Net: NetName=NetR1_1 Pin=R1-1
Added Pin To Net: NetName=NetR1_1 Pin=U3-8
Added Net: Name=NetR1_1
Added Pin To Net: NetName=NetR2_1 Pin=R2-1
Added Pin To Net: NetName=NetR2_1 Pin=R3-2
Added Net: Name=NetR2_1
Added Member To Class: ClassName=NeptuneSense Member=Component C1 CMS_0805
Added Member To Class: ClassName=NeptuneSense Member=Component C2 CMS_0805
Added Member To Class: ClassName=NeptuneSense Member=Component C3 CMS_0805
Added Member To Class: ClassName=NeptuneSense Member=Component C4 CMS_0805
Added Member To Class: ClassName=NeptuneSense Member=Component C5 CMS_0805
Added Member To Class: ClassName=NeptuneSense Member=Component C6 CMS_0805
Added Member To Class: ClassName=NeptuneSense Member=Component C7 CMS_0805
Added Member To Class: ClassName=NeptuneSense Member=Component D1 BZX55C3V3
Added Member To Class: ClassName=NeptuneSense Member=Component D2 BZX55C3V3
Added Member To Class: ClassName=NeptuneSense Member=Component L1 INDUCTANCE_CMS_0805
Added Member To Class: ClassName=NeptuneSense Member=Component R1 RESISTANCE_CMS_0805
Added Member To Class: ClassName=NeptuneSense Member=Component R2 RESISTANCE_CMS_0805
Added Member To Class: ClassName=NeptuneSense Member=Component R3 RESISTANCE_CMS_0805
Added Member To Class: ClassName=NeptuneSense Member=Component R4 RESISTANCE_CMS_0805
Added Member To Class: ClassName=NeptuneSense Member=Component R5 RESISTANCE_CMS_0805
Added Member To Class: ClassName=NeptuneSense Member=Component R6 RESISTANCE_CMS_0805
Added Member To Class: ClassName=NeptuneSense Member=Component R7 RESISTANCE_CMS_0805
Added Member To Class: ClassName=NeptuneSense Member=Component R8 RESISTANCE_CMS_0805
Added Member To Class: ClassName=NeptuneSense Member=Component U2 AMS1117-3.3
