Added Component: Designator=C1_1(CONDENSATEUR_CMS_0805)
Add component (AddParameter): Name = "Type"; Value = "CMS_0805"; VariantName = "[No Variations]"
Add component (AddParameter): Name = "Value"; Value = "10µF"; VariantName = "[No Variations]"
Added Component: Designator=C1_2(CONDENSATEUR_CMS_0805)
Add component (AddParameter): Name = "Type"; Value = "CMS_0805"; VariantName = "[No Variations]"
Add component (AddParameter): Name = "Value"; Value = "2µnF"; VariantName = "[No Variations]"
Added Component: Designator=C1_3(CONDENSATEUR_CMS_0805)
Add component (AddParameter): Name = "Type"; Value = "CMS_0805"; VariantName = "[No Variations]"
Add component (AddParameter): Name = "Value"; Value = "10µF"; VariantName = "[No Variations]"
Added Component: Designator=C1_4(CONDENSATEUR_CMS_0805)
Add component (AddParameter): Name = "Type"; Value = "CMS_0805"; VariantName = "[No Variations]"
Add component (AddParameter): Name = "Value"; Value = "10µF"; VariantName = "[No Variations]"
Added Component: Designator=C1_5(CONDENSATEUR_CMS_0805)
Add component (AddParameter): Name = "Type"; Value = "CMS_0805"; VariantName = "[No Variations]"
Add component (AddParameter): Name = "Value"; Value = "0,1µF"; VariantName = "[No Variations]"
Added Component: Designator=C1_6(CONDENSATEUR_CMS_0805)
Add component (AddParameter): Name = "Type"; Value = "CMS_0805"; VariantName = "[No Variations]"
Add component (AddParameter): Name = "Value"; Value = "1µF"; VariantName = "[No Variations]"
Added Component: Designator=C1_7(CONDENSATEUR_CMS_0805)
Add component (AddParameter): Name = "Type"; Value = "CMS_0805"; VariantName = "[No Variations]"
Add component (AddParameter): Name = "Value"; Value = "1µF"; VariantName = "[No Variations]"
Added Component: Designator=C1_8(CONDENSATEUR_CMS_0805)
Add component (AddParameter): Name = "Type"; Value = "CMS_0805"; VariantName = "[No Variations]"
Add component (AddParameter): Name = "Value"; Value = "0,1µF"; VariantName = "[No Variations]"
Added Component: Designator=C1_9(CONDENSATEUR_CMS_0805)
Add component (AddParameter): Name = "Type"; Value = "CMS_0805"; VariantName = "[No Variations]"
Add component (AddParameter): Name = "Value"; Value = "0,1µF"; VariantName = "[No Variations]"
Added Component: Designator=C2_1(CONDENSATEUR_CMS_0805)
Add component (AddParameter): Name = "Type"; Value = "CMS_0805"; VariantName = "[No Variations]"
Add component (AddParameter): Name = "Value"; Value = "10µF"; VariantName = "[No Variations]"
Added Component: Designator=C2_2(CONDENSATEUR_CMS_0805)
Add component (AddParameter): Name = "Type"; Value = "CMS_0805"; VariantName = "[No Variations]"
Add component (AddParameter): Name = "Value"; Value = "10µF"; VariantName = "[No Variations]"
Added Component: Designator=C2_3(CONDENSATEUR_CMS_0805)
Add component (AddParameter): Name = "Type"; Value = "CMS_0805"; VariantName = "[No Variations]"
Add component (AddParameter): Name = "Value"; Value = "10µF"; VariantName = "[No Variations]"
Added Component: Designator=C2_4(CONDENSATEUR_CMS_0805)
Add component (AddParameter): Name = "Type"; Value = "CMS_0805"; VariantName = "[No Variations]"
Add component (AddParameter): Name = "Value"; Value = "22µF"; VariantName = "[No Variations]"
Added Component: Designator=D1_1(DIOAD928W47L399D179)
Add component (AddParameter): Name = "Check_prices"; Value = "https://www.snapeda.com/parts/BZX55C3V3/Taiwan+Semiconductor/view-part/?ref=eda"; VariantName = "[No Variations]"
Add component (AddParameter): Name = "Component Type"; Value = "Standard"; VariantName = "[No Variations]"
Add component (AddParameter): Name = "Design Item ID"; Value = "BZX55C3V3"; VariantName = "[No Variations]"
Add component (AddParameter): Name = "MF"; Value = "Taiwan Semiconductor"; VariantName = "[No Variations]"
Add component (AddParameter): Name = "MP"; Value = "BZX55C3V3"; VariantName = "[No Variations]"
Add component (AddParameter): Name = "Package"; Value = "DO-35-2 Taiwan Semiconductor"; VariantName = "[No Variations]"
Add component (AddParameter): Name = "Pin Count"; Value = "2"; VariantName = "[No Variations]"
Add component (AddParameter): Name = "SnapEDA_Link"; Value = "https://www.snapeda.com/parts/BZX55C3V3/Taiwan+Semiconductor/view-part/?ref=snap"; VariantName = "[No Variations]"
Add component (AddParameter): Name = "Source"; Value = "BZX55C3V3.SchLib"; VariantName = "[No Variations]"
Add component (AddParameter): Name = "Value"; Value = ""; VariantName = "[No Variations]"
Added Component: Designator=D1_2(DIOAD928W47L399D179)
Add component (AddParameter): Name = "Check_prices"; Value = "https://www.snapeda.com/parts/BZX55C3V3/Taiwan+Semiconductor/view-part/?ref=eda"; VariantName = "[No Variations]"
Add component (AddParameter): Name = "Component Type"; Value = "Standard"; VariantName = "[No Variations]"
Add component (AddParameter): Name = "Design Item ID"; Value = "BZX55C3V3"; VariantName = "[No Variations]"
Add component (AddParameter): Name = "MF"; Value = "Taiwan Semiconductor"; VariantName = "[No Variations]"
Add component (AddParameter): Name = "MP"; Value = "BZX55C3V3"; VariantName = "[No Variations]"
Add component (AddParameter): Name = "Package"; Value = "DO-35-2 Taiwan Semiconductor"; VariantName = "[No Variations]"
Add component (AddParameter): Name = "Pin Count"; Value = "2"; VariantName = "[No Variations]"
Add component (AddParameter): Name = "SnapEDA_Link"; Value = "https://www.snapeda.com/parts/BZX55C3V3/Taiwan+Semiconductor/view-part/?ref=snap"; VariantName = "[No Variations]"
Add component (AddParameter): Name = "Source"; Value = "BZX55C3V3.SchLib"; VariantName = "[No Variations]"
Add component (AddParameter): Name = "Value"; Value = ""; VariantName = "[No Variations]"
Added Component: Designator=D1_3(TO92127P520H660-3)
Add component (AddParameter): Name = "Availability"; Value = "Unavailable"; VariantName = "[No Variations]"
Add component (AddParameter): Name = "Component Type"; Value = "Standard"; VariantName = "[No Variations]"
Add component (AddParameter): Name = "Design Item ID"; Value = "TL431ILP"; VariantName = "[No Variations]"
Add component (AddParameter): Name = "MP"; Value = "TL431ILP"; VariantName = "[No Variations]"
Add component (AddParameter): Name = "Package"; Value = "None"; VariantName = "[No Variations]"
Add component (AddParameter): Name = "Pin Count"; Value = "3"; VariantName = "[No Variations]"
Add component (AddParameter): Name = "Price"; Value = "None"; VariantName = "[No Variations]"
Add component (AddParameter): Name = "Source"; Value = "TL431ILP.SchLib"; VariantName = "[No Variations]"
Add component (AddParameter): Name = "Value"; Value = ""; VariantName = "[No Variations]"
Added Component: Designator=D2_1(LED_CMS_0805)
Add component (AddParameter): Name = "Type"; Value = "CMS_0805"; VariantName = "[No Variations]"
Added Component: Designator=D2_2(LED_CMS_0805)
Add component (AddParameter): Name = "Type"; Value = "CMS_0805"; VariantName = "[No Variations]"
Added Component: Designator=L1_1(INDUCTANCE_CMS_0805)
Add component (AddParameter): Name = "Type"; Value = "CMS_0805"; VariantName = "[No Variations]"
Add component (AddParameter): Name = "Value"; Value = "1µH"; VariantName = "[No Variations]"
Added Component: Designator=L2_1(INDUCTANCE_CMS_0805)
Add component (AddParameter): Name = "Type"; Value = "CMS_0805"; VariantName = "[No Variations]"
Add component (AddParameter): Name = "Value"; Value = "1µH"; VariantName = "[No Variations]"
Added Component: Designator=R1_1(RESISTANCE_CMS_0805)
Add component (AddParameter): Name = "Type"; Value = "CMS_0805"; VariantName = "[No Variations]"
Add component (AddParameter): Name = "Value"; Value = "100K"; VariantName = "[No Variations]"
Added Component: Designator=R1_2(RESISTANCE_CMS_0805)
Add component (AddParameter): Name = "Type"; Value = "CMS_0805"; VariantName = "[No Variations]"
Add component (AddParameter): Name = "Value"; Value = "1M"; VariantName = "[No Variations]"
Added Component: Designator=R1_3(RESISTANCE_CMS_0805)
Add component (AddParameter): Name = "Type"; Value = "CMS_0805"; VariantName = "[No Variations]"
Add component (AddParameter): Name = "Value"; Value = "137K"; VariantName = "[No Variations]"
Added Component: Designator=R1_4(RESISTANCE_CMS_0805)
Add component (AddParameter): Name = "Type"; Value = "CMS_0805"; VariantName = "[No Variations]"
Add component (AddParameter): Name = "Value"; Value = "1K"; VariantName = "[No Variations]"
Added Component: Designator=R1_5(RESISTANCE_CMS_0805)
Add component (AddParameter): Name = "Type"; Value = "CMS_0805"; VariantName = "[No Variations]"
Add component (AddParameter): Name = "Value"; Value = "150"; VariantName = "[No Variations]"
Added Component: Designator=R1_6(RESISTANCE_CMS_0805)
Add component (AddParameter): Name = "Type"; Value = "CMS_0805"; VariantName = "[No Variations]"
Add component (AddParameter): Name = "Value"; Value = "150"; VariantName = "[No Variations]"
Added Component: Designator=R1_7(RESISTANCE_CMS_0805)
Add component (AddParameter): Name = "Type"; Value = "CMS_0805"; VariantName = "[No Variations]"
Add component (AddParameter): Name = "Value"; Value = "500"; VariantName = "[No Variations]"
Added Component: Designator=R1_8(RESISTANCE_CMS_0805)
Add component (AddParameter): Name = "Type"; Value = "CMS_0805"; VariantName = "[No Variations]"
Add component (AddParameter): Name = "Value"; Value = "1K"; VariantName = "[No Variations]"
Added Component: Designator=R1_9(RESISTANCE_CMS_0805)
Add component (AddParameter): Name = "Type"; Value = "CMS_0805"; VariantName = "[No Variations]"
Add component (AddParameter): Name = "Value"; Value = "1k"; VariantName = "[No Variations]"
Added Component: Designator=R1_10(RESISTANCE_CMS_0805)
Add component (AddParameter): Name = "Type"; Value = "CMS_0805"; VariantName = "[No Variations]"
Add component (AddParameter): Name = "Value"; Value = "10k"; VariantName = "[No Variations]"
Added Component: Designator=R1_11(RESISTANCE_CMS_0805)
Add component (AddParameter): Name = "Type"; Value = "CMS_0805"; VariantName = "[No Variations]"
Add component (AddParameter): Name = "Value"; Value = "10k"; VariantName = "[No Variations]"
Added Component: Designator=R1_12(RESISTANCE_CMS_0805)
Add component (AddParameter): Name = "Type"; Value = "CMS_0805"; VariantName = "[No Variations]"
Add component (AddParameter): Name = "Value"; Value = "2k"; VariantName = "[No Variations]"
Added Component: Designator=R2_1(RESISTANCE_CMS_0805)
Add component (AddParameter): Name = "Type"; Value = "CMS_0805"; VariantName = "[No Variations]"
Add component (AddParameter): Name = "Value"; Value = "100K"; VariantName = "[No Variations]"
Added Component: Designator=R2_2(RESISTANCE_CMS_0805)
Add component (AddParameter): Name = "Type"; Value = "CMS_0805"; VariantName = "[No Variations]"
Add component (AddParameter): Name = "Value"; Value = "1M"; VariantName = "[No Variations]"
Added Component: Designator=R2_3(RESISTANCE_CMS_0805)
Add component (AddParameter): Name = "Type"; Value = "CMS_0805"; VariantName = "[No Variations]"
Add component (AddParameter): Name = "Value"; Value = "137K"; VariantName = "[No Variations]"
Added Component: Designator=U1_1(QFN127P600-8N)
Added Component: Designator=U1_2(SOT229P700X180-4N)
Add component (AddParameter): Name = "Availability"; Value = "In Stock"; VariantName = "[No Variations]"
Add component (AddParameter): Name = "Component Type"; Value = "Standard"; VariantName = "[No Variations]"
Add component (AddParameter): Name = "Design Item ID"; Value = "AMS1117-3.3"; VariantName = "[No Variations]"
Add component (AddParameter): Name = "MF"; Value = "ams AG"; VariantName = "[No Variations]"
Add component (AddParameter): Name = "MP"; Value = "AMS1117-3.3"; VariantName = "[No Variations]"
Add component (AddParameter): Name = "Package"; Value = "SOT-223 Seeed Technology"; VariantName = "[No Variations]"
Add component (AddParameter): Name = "Pin Count"; Value = "3"; VariantName = "[No Variations]"
Add component (AddParameter): Name = "Price"; Value = "None"; VariantName = "[No Variations]"
Add component (AddParameter): Name = "Purchase-URL"; Value = "https://pricing.snapeda.com/search/part/AMS1117-3.3/?ref=eda"; VariantName = "[No Variations]"
Add component (AddParameter): Name = "SnapEDA_Link"; Value = "https://www.snapeda.com/parts/AMS1117-3.3/AMS+AG/view-part/?ref=snap"; VariantName = "[No Variations]"
Add component (AddParameter): Name = "Source"; Value = "AMS1117-3.3.SchLib"; VariantName = "[No Variations]"
Add component (AddParameter): Name = "Value"; Value = ""; VariantName = "[No Variations]"
Added Component: Designator=U1_3(SOT65P280X100-8N)
Add component (AddParameter): Name = "Availability"; Value = "Unavailable"; VariantName = "[No Variations]"
Add component (AddParameter): Name = "Component Type"; Value = "Standard"; VariantName = "[No Variations]"
Add component (AddParameter): Name = "Design Item ID"; Value = "MP3414AGJ-Z"; VariantName = "[No Variations]"
Add component (AddParameter): Name = "MF"; Value = "Monolithic Power"; VariantName = "[No Variations]"
Add component (AddParameter): Name = "MP"; Value = "MP3414AGJ-Z"; VariantName = "[No Variations]"
Add component (AddParameter): Name = "Package"; Value = "TSOT-23 MPS"; VariantName = "[No Variations]"
Add component (AddParameter): Name = "Pin Count"; Value = "8"; VariantName = "[No Variations]"
Add component (AddParameter): Name = "Price"; Value = "None"; VariantName = "[No Variations]"
Add component (AddParameter): Name = "SnapEDA_Link"; Value = "https://www.snapeda.com/parts/MP3414AGJ-Z/Monolithic%20Power%20Systems%20Inc./view-part/1062936/?ref=snap"; VariantName = "[No Variations]"
Add component (AddParameter): Name = "Source"; Value = "SnapEDAsch.SchLib"; VariantName = "[No Variations]"
Add component (AddParameter): Name = "Value"; Value = ""; VariantName = "[No Variations]"
Added Component: Designator=U1_4(SOIC127P599X175-8N)
Add component (AddParameter): Name = "Availability"; Value = "Warning"; VariantName = "[No Variations]"
Add component (AddParameter): Name = "Check_prices"; Value = "https://www.snapeda.com/parts/TLC4502ID/Texas%20Instruments/view-part/1176387/?ref=eda"; VariantName = "[No Variations]"
Add component (AddParameter): Name = "Component Type"; Value = "Standard"; VariantName = "[No Variations]"
Add component (AddParameter): Name = "Design Item ID"; Value = "TLC4502ID"; VariantName = "[No Variations]"
Add component (AddParameter): Name = "MF"; Value = "Texas Instruments"; VariantName = "[No Variations]"
Add component (AddParameter): Name = "MP"; Value = "TLC4502ID"; VariantName = "[No Variations]"
Add component (AddParameter): Name = "Package"; Value = "SOIC-8 Texas Instruments"; VariantName = "[No Variations]"
Add component (AddParameter): Name = "Pin Count"; Value = "8"; VariantName = "[No Variations]"
Add component (AddParameter): Name = "Price"; Value = "None"; VariantName = "[No Variations]"
Add component (AddParameter): Name = "Purchase-URL"; Value = "https://pricing.snapeda.com/search/part/TLC4502ID/?ref=eda"; VariantName = "[No Variations]"
Add component (AddParameter): Name = "SnapEDA_Link"; Value = "https://www.snapeda.com/parts/TLC4502ID/Texas%20Instruments/view-part/1176387/?ref=snap"; VariantName = "[No Variations]"
Add component (AddParameter): Name = "Source"; Value = "TLC4502ID.SchLib"; VariantName = "[No Variations]"
Add component (AddParameter): Name = "Value"; Value = ""; VariantName = "[No Variations]"
Added Component: Designator=U1_6(SOP65P640X110-8N)
Add component (AddParameter): Name = "Availability"; Value = "In Stock"; VariantName = "[No Variations]"
Add component (AddParameter): Name = "Check_prices"; Value = "https://www.snapeda.com/parts/DS2782E+T/Maxim+Integrated/view-part/?ref=eda"; VariantName = "[No Variations]"
Add component (AddParameter): Name = "Component Type"; Value = "Standard"; VariantName = "[No Variations]"
Add component (AddParameter): Name = "Design Item ID"; Value = "DS2782E+T&R"; VariantName = "[No Variations]"
Add component (AddParameter): Name = "MF"; Value = "Maxim Integrated"; VariantName = "[No Variations]"
Add component (AddParameter): Name = "MP"; Value = "DS2782E+T"; VariantName = "[No Variations]"
Add component (AddParameter): Name = "Package"; Value = "TSSOP-8 Maxim Integrated"; VariantName = "[No Variations]"
Add component (AddParameter): Name = "Pin Count"; Value = "7"; VariantName = "[No Variations]"
Add component (AddParameter): Name = "Price"; Value = "None"; VariantName = "[No Variations]"
Add component (AddParameter): Name = "Purchase-URL"; Value = "https://pricing.snapeda.com/search/part/DS2782E+T/?ref=eda"; VariantName = "[No Variations]"
Add component (AddParameter): Name = "SnapEDA_Link"; Value = "https://www.snapeda.com/parts/DS2782E+T/Maxim+Integrated/view-part/?ref=snap"; VariantName = "[No Variations]"
Add component (AddParameter): Name = "Source"; Value = "DS2782E+T&R.SchLib"; VariantName = "[No Variations]"
Add component (AddParameter): Name = "Value"; Value = ""; VariantName = "[No Variations]"
Add Component: Footprint Not Found SOP50P490X110-10N
Added Component: Designator=U1_8(USB)
Add component (AddParameter): Name = "Design Item ID"; Value = "USB"; VariantName = "[No Variations]"
Add component (AddParameter): Name = "Source"; Value = "USB_C_RS_PRO.SchLib"; VariantName = "[No Variations]"
Added Component: Designator=U2_1(USB)
Add component (AddParameter): Name = "Design Item ID"; Value = "USB"; VariantName = "[No Variations]"
Add component (AddParameter): Name = "Source"; Value = "USB_C_RS_PRO.SchLib"; VariantName = "[No Variations]"
Added Component: Designator=U2_2(MODULE_ESP32-WROOM-32)
Add component (AddParameter): Name = "Availability"; Value = "In Stock"; VariantName = "[No Variations]"
Add component (AddParameter): Name = "Component Type"; Value = "Standard"; VariantName = "[No Variations]"
Add component (AddParameter): Name = "Design Item ID"; Value = "ESP32-WROOM-32"; VariantName = "[No Variations]"
Add component (AddParameter): Name = "MF"; Value = "Espressif Systems"; VariantName = "[No Variations]"
Add component (AddParameter): Name = "MP"; Value = "ESP32-WROOM-32"; VariantName = "[No Variations]"
Add component (AddParameter): Name = "Package"; Value = "Module Espressif Systems"; VariantName = "[No Variations]"
Add component (AddParameter): Name = "Pin Count"; Value = "59"; VariantName = "[No Variations]"
Add component (AddParameter): Name = "Price"; Value = "None"; VariantName = "[No Variations]"
Add component (AddParameter): Name = "Purchase-URL"; Value = "https://pricing.snapeda.com/search/part/ESP32-WROOM-32/?ref=eda"; VariantName = "[No Variations]"
Add component (AddParameter): Name = "SnapEDA_Link"; Value = "https://www.snapeda.com/parts/ESP32-WROOM-32/Espressif+Systems/view-part/?ref=snap"; VariantName = "[No Variations]"
Add component (AddParameter): Name = "Source"; Value = "ESP32-WROOM-32.SchLib"; VariantName = "[No Variations]"
Add component (AddParameter): Name = "Value"; Value = ""; VariantName = "[No Variations]"
Added Component: Designator=U2_3(ECRAN_TFT_2.4_TACTILE)
Added Component: Designator=U2_4(SOT65P280X100-8N)
Add component (AddParameter): Name = "Availability"; Value = "Unavailable"; VariantName = "[No Variations]"
Add component (AddParameter): Name = "Component Type"; Value = "Standard"; VariantName = "[No Variations]"
Add component (AddParameter): Name = "Design Item ID"; Value = "MP3414AGJ-Z"; VariantName = "[No Variations]"
Add component (AddParameter): Name = "MF"; Value = "Monolithic Power"; VariantName = "[No Variations]"
Add component (AddParameter): Name = "MP"; Value = "MP3414AGJ-Z"; VariantName = "[No Variations]"
Add component (AddParameter): Name = "Package"; Value = "TSOT-23 MPS"; VariantName = "[No Variations]"
Add component (AddParameter): Name = "Pin Count"; Value = "8"; VariantName = "[No Variations]"
Add component (AddParameter): Name = "Price"; Value = "None"; VariantName = "[No Variations]"
Add component (AddParameter): Name = "SnapEDA_Link"; Value = "https://www.snapeda.com/parts/MP3414AGJ-Z/Monolithic%20Power%20Systems%20Inc./view-part/1062936/?ref=snap"; VariantName = "[No Variations]"
Add component (AddParameter): Name = "Source"; Value = "SnapEDAsch.SchLib"; VariantName = "[No Variations]"
Add component (AddParameter): Name = "Value"; Value = ""; VariantName = "[No Variations]"
Add Component: Footprint Not Found SOT229P700X180-4N
Added Component: Designator=VR1(TRIM_3296W1103LF)
Add component (AddParameter): Name = "Availability"; Value = "Unavailable"; VariantName = "[No Variations]"
Add component (AddParameter): Name = "Check_prices"; Value = "https://www.snapeda.com/parts/3296W1103LF/Bourns/view-part/2487625/?ref=eda"; VariantName = "[No Variations]"
Add component (AddParameter): Name = "Component Type"; Value = "Standard"; VariantName = "[No Variations]"
Add component (AddParameter): Name = "Design Item ID"; Value = "3296W1103LF"; VariantName = "[No Variations]"
Add component (AddParameter): Name = "MF"; Value = "Bourns"; VariantName = "[No Variations]"
Add component (AddParameter): Name = "MP"; Value = "3296W1103LF"; VariantName = "[No Variations]"
Add component (AddParameter): Name = "Package"; Value = "None"; VariantName = "[No Variations]"
Add component (AddParameter): Name = "Pin Count"; Value = "3"; VariantName = "[No Variations]"
Add component (AddParameter): Name = "Price"; Value = "None"; VariantName = "[No Variations]"
Add component (AddParameter): Name = "SnapEDA_Link"; Value = "https://www.snapeda.com/parts/3296W1103LF/Bourns/view-part/2487625/?ref=snap"; VariantName = "[No Variations]"
Add component (AddParameter): Name = "Source"; Value = "3296W1103LF.SchLib"; VariantName = "[No Variations]"
Added Pin To Net: NetName=+5V Pin=C1_1-1
Added Pin To Net: NetName=GND Pin=C1_1-2
Added Pin To Net: NetName=GND Pin=C1_2-1
Added Pin To Net: NetName=+3.3V Pin=C1_2-2
Added Pin To Net: NetName=GND Pin=C1_3-1
Added Pin To Net: NetName=GND Pin=C1_4-1
Added Pin To Net: NetName=+5V Pin=C1_4-2
Added Pin To Net: NetName=-BAT Pin=C1_5-1
Added Pin To Net: NetName=GND Pin=C1_6-1
Added Pin To Net: NetName=+BAT Pin=C1_6-2
Added Pin To Net: NetName=GND Pin=C1_7-1
Added Pin To Net: NetName=+5 Pin=C1_7-2
Added Pin To Net: NetName=GND Pin=C1_8-1
Added Pin To Net: NetName=GND Pin=C1_9-1
Added Pin To Net: NetName=GND Pin=C2_1-1
Added Pin To Net: NetName=GND Pin=C2_2-1
Added Pin To Net: NetName=+5V Pin=C2_2-2
Added Pin To Net: NetName=+5V Pin=C2_3-1
Added Pin To Net: NetName=GND Pin=C2_3-2
Added Pin To Net: NetName=GND Pin=C2_4-1
Added Pin To Net: NetName=+3.3V Pin=C2_4-2
Added Pin To Net: NetName=-BAT Pin=D1_1-A
Added Pin To Net: NetName=-BAT Pin=D1_2-A
Added Pin To Net: NetName=GND Pin=D1_3-2
Added Pin To Net: NetName=NetL2_1_1 Pin=L2_1-1
Added Pin To Net: NetName=+BAT Pin=R1_1-2
Added Pin To Net: NetName=+5V Pin=R1_2-2
Added Pin To Net: NetName=GND Pin=R1_3-1
Added Pin To Net: NetName=+BAT Pin=R1_4-2
Added Pin To Net: NetName=+BAT Pin=R1_7-2
Added Pin To Net: NetName=GND Pin=R1_8-1
Added Pin To Net: NetName=+5 Pin=R1_8-2
Added Pin To Net: NetName=+5V Pin=R1_9-1
Added Pin To Net: NetName=GND Pin=R1_10-2
Added Pin To Net: NetName=GND Pin=R1_11-2
Added Pin To Net: NetName=NetR2_1_1 Pin=R2_1-1
Added Pin To Net: NetName=+BAT Pin=R2_1-2
Added Pin To Net: NetName=NetR2_2_1 Pin=R2_2-1
Added Pin To Net: NetName=+5V Pin=R2_2-2
Added Pin To Net: NetName=GND Pin=R2_3-1
Added Pin To Net: NetName=NetR2_2_1 Pin=R2_3-2
Added Pin To Net: NetName=GND Pin=U1_2-1
Added Pin To Net: NetName=+3.3V Pin=U1_2-2
Added Pin To Net: NetName=+5V Pin=U1_2-3
Added Pin To Net: NetName=+BAT Pin=U1_3-1
Added Pin To Net: NetName=+5V Pin=U1_3-2
Added Pin To Net: NetName=GND Pin=U1_3-4
Added Pin To Net: NetName=GND Pin=U1_3-6
Added Pin To Net: NetName=GND Pin=U1_4-4
Added Pin To Net: NetName=GND Pin=U1_4-6
Added Pin To Net: NetName=GND Pin=U1_4-7
Added Pin To Net: NetName=+5V Pin=U1_4-8
Added Pin To Net: NetName=-BAT Pin=U1_6-2
Added Pin To Net: NetName=-BAT Pin=U1_6-7
Add Pin To Net: Unknown Pin: Pin U1_7-1
Add Pin To Net: Unknown Pin: Pin U1_7-2
Add Pin To Net: Unknown Pin: Pin U1_7-5
Add Pin To Net: Unknown Pin: Pin U1_7-6
Add Pin To Net: Unknown Pin: Pin U1_7-10
Added Pin To Net: NetName=+BAT Pin=U2_4-1
Added Pin To Net: NetName=+5V Pin=U2_4-2
Added Pin To Net: NetName=NetL2_1_1 Pin=U2_4-3
Added Pin To Net: NetName=GND Pin=U2_4-4
Added Pin To Net: NetName=GND Pin=U2_4-6
Added Pin To Net: NetName=NetR2_1_1 Pin=U2_4-8
Add Pin To Net: Unknown Pin: Pin U2_5-1
Add Pin To Net: Unknown Pin: Pin U2_5-2
Add Pin To Net: Unknown Pin: Pin U2_5-3
Added Pin To Net: NetName=NetC1_5_2 Pin=C1_5-2
Added Pin To Net: NetName=NetC1_5_2 Pin=R1_7-1
Added Pin To Net: NetName=NetC1_5_2 Pin=U1_6-4
Added Net: Name=NetC1_5_2
Added Pin To Net: NetName=NetC1_8_2 Pin=C1_8-2
Added Pin To Net: NetName=NetC1_8_2 Pin=D1_3-1
Added Pin To Net: NetName=NetC1_8_2 Pin=D1_3-3
Added Pin To Net: NetName=NetC1_8_2 Pin=R1_9-2
Added Pin To Net: NetName=NetC1_8_2 Pin=VR1-1
Added Net: Name=NetC1_8_2
Added Pin To Net: NetName=NetD1_1_C Pin=D1_1-C
Added Pin To Net: NetName=NetD1_1_C Pin=R1_4-1
Added Pin To Net: NetName=NetD1_1_C Pin=R1_5-1
Added Pin To Net: NetName=NetD1_1_C Pin=U1_6-3
Added Pin To Net: NetName=NetD1_1_C Pin=U1_6-6
Added Net: Name=NetD1_1_C
Added Pin To Net: NetName=NetD1_2_C Pin=D1_2-C
Added Pin To Net: NetName=NetD1_2_C Pin=R1_6-1
Added Pin To Net: NetName=NetD1_2_C Pin=U1_6-5
Added Net: Name=NetD1_2_C
Added Pin To Net: NetName=NetL1_1_1 Pin=L1_1-1
Added Pin To Net: NetName=NetL1_1_1 Pin=U1_3-3
Added Net: Name=NetL1_1_1
Added Pin To Net: NetName=NetR1_1_1 Pin=R1_1-1
Added Pin To Net: NetName=NetR1_1_1 Pin=U1_3-8
Added Net: Name=NetR1_1_1
Added Pin To Net: NetName=NetR1_2_1 Pin=R1_2-1
Added Pin To Net: NetName=NetR1_2_1 Pin=R1_3-2
Added Net: Name=NetR1_2_1
Added Pin To Net: NetName=NetR1_11_1 Pin=R1_11-1
Added Pin To Net: NetName=NetR1_11_1 Pin=R1_12-2
Added Pin To Net: NetName=NetR1_11_1 Pin=U1_4-2
Added Net: Name=NetR1_11_1
Added Pin To Net: NetName=NetR1_12_1 Pin=R1_12-1
Added Pin To Net: NetName=NetR1_12_1 Pin=U1_4-1
Added Net: Name=NetR1_12_1
Added Pin To Net: NetName=NetVR1_2 Pin=VR1-2
Added Pin To Net: NetName=NetVR1_2 Pin=VR1-3
Added Net: Name=NetVR1_2
Added Member To Class: ClassName=NeptuneSense Member=Component C1_1 CMS_0805
Added Member To Class: ClassName=NeptuneSense Member=Component C1_2 CMS_0805
Added Member To Class: ClassName=NeptuneSense Member=Component C1_3 CMS_0805
Added Member To Class: ClassName=NeptuneSense Member=Component C1_4 CMS_0805
Added Member To Class: ClassName=NeptuneSense Member=Component C1_5 CMS_0805
Added Member To Class: ClassName=NeptuneSense Member=Component C1_6 CMS_0805
Added Member To Class: ClassName=NeptuneSense Member=Component C1_7 CMS_0805
Added Member To Class: ClassName=NeptuneSense Member=Component C1_8 CMS_0805
Added Member To Class: ClassName=NeptuneSense Member=Component C1_9 CMS_0805
Added Member To Class: ClassName=base_station Member=Component C2_1 CMS_0805
Added Member To Class: ClassName=base_station Member=Component C2_2 CMS_0805
Added Member To Class: ClassName=base_station Member=Component C2_3 CMS_0805
Added Member To Class: ClassName=base_station Member=Component C2_4 CMS_0805
Added Member To Class: ClassName=NeptuneSense Member=Component D1_1 BZX55C3V3
Added Member To Class: ClassName=NeptuneSense Member=Component D1_2 BZX55C3V3
Added Member To Class: ClassName=NeptuneSense Member=Component D1_3 TL431ILP
Added Member To Class: ClassName=base_station Member=Component D2_1 LED_CMS_0805
Added Member To Class: ClassName=base_station Member=Component D2_2 LED_CMS_0805
Added Member To Class: ClassName=NeptuneSense Member=Component L1_1 INDUCTANCE_CMS_0805
Added Member To Class: ClassName=base_station Member=Component L2_1 INDUCTANCE_CMS_0805
Added Member To Class: ClassName=NeptuneSense Member=Component R1_1 RESISTANCE_CMS_0805
Added Member To Class: ClassName=NeptuneSense Member=Component R1_2 RESISTANCE_CMS_0805
Added Member To Class: ClassName=NeptuneSense Member=Component R1_3 RESISTANCE_CMS_0805
Added Member To Class: ClassName=NeptuneSense Member=Component R1_4 RESISTANCE_CMS_0805
Added Member To Class: ClassName=NeptuneSense Member=Component R1_5 RESISTANCE_CMS_0805
Added Member To Class: ClassName=NeptuneSense Member=Component R1_6 RESISTANCE_CMS_0805
Added Member To Class: ClassName=NeptuneSense Member=Component R1_7 RESISTANCE_CMS_0805
Added Member To Class: ClassName=NeptuneSense Member=Component R1_8 RESISTANCE_CMS_0805
Added Member To Class: ClassName=NeptuneSense Member=Component R1_9 RESISTANCE_CMS_0805
Added Member To Class: ClassName=NeptuneSense Member=Component R1_10 RESISTANCE_CMS_0805
Added Member To Class: ClassName=NeptuneSense Member=Component R1_11 RESISTANCE_CMS_0805
Added Member To Class: ClassName=NeptuneSense Member=Component R1_12 RESISTANCE_CMS_0805
Added Member To Class: ClassName=base_station Member=Component R2_1 RESISTANCE_CMS_0805
Added Member To Class: ClassName=base_station Member=Component R2_2 RESISTANCE_CMS_0805
Added Member To Class: ClassName=base_station Member=Component R2_3 RESISTANCE_CMS_0805
Added Member To Class: ClassName=NeptuneSense Member=Component U1_1 stm32
Added Member To Class: ClassName=NeptuneSense Member=Component U1_2 AMS1117-3.3
Added Member To Class: ClassName=NeptuneSense Member=Component U1_3 MP3414AGJ-Z
Added Member To Class: ClassName=NeptuneSense Member=Component U1_4 TLC4502ID
Added Member To Class: ClassName=NeptuneSense Member=Component U1_6 DS2782E+T&R
Add Class Member: Failed to add class member : Component U1_7 MCP73833-GPI/UN
Added Member To Class: ClassName=NeptuneSense Member=Component U1_8 USB_C
Added Member To Class: ClassName=base_station Member=Component U2_1 USB
Added Member To Class: ClassName=base_station Member=Component U2_2 ESP32-WROOM-32
Added Member To Class: ClassName=base_station Member=Component U2_3 ECRAN_TFT_2.4_TACTILE
Added Member To Class: ClassName=base_station Member=Component U2_4 MP3414AGJ-Z
Add Class Member: Failed to add class member : Component U2_5 AMS1117-3.3
Added Member To Class: ClassName=NeptuneSense Member=Component VR1 3296W1103LF
