Added Component: Designator=U(SOP50P490X110-10N)
Add component (AddParameter): Name = "Component Type"; Value = "Standard"; VariantName = "[No Variations]"
Add component (AddParameter): Name = "Design Item ID"; Value = "MCP73833-GPI/UN"; VariantName = "[No Variations]"
Add component (AddParameter): Name = "Digi-Key_Part_Number"; Value = "MCP73833-GPI/UN-ND"; VariantName = "[No Variations]"
Add component (AddParameter): Name = "Digi-Key_Purchase_URL"; Value = "https://www.digikey.rs/product-detail/en/microchip-technology/MCP73833-GPI-UN/MCP73833-GPI-UN-ND/1626620?utm_source=snapeda&utm_medium=aggregator&utm_campaign=symbol"; VariantName = "[No Variations]"
Add component (AddParameter): Name = "MF"; Value = "Microchip"; VariantName = "[No Variations]"
Add component (AddParameter): Name = "MP"; Value = "MCP73833-GPI/UN"; VariantName = "[No Variations]"
Add component (AddParameter): Name = "Package"; Value = "MSOP-10 Microchip"; VariantName = "[No Variations]"
Add component (AddParameter): Name = "Pin Count"; Value = "10"; VariantName = "[No Variations]"
Add component (AddParameter): Name = "SnapEDA_Link"; Value = "https://www.snapeda.com/parts/MCP73833-GPI/UN/Microchip/view-part/526145/?ref=snap"; VariantName = "[No Variations]"
Add component (AddParameter): Name = "Source"; Value = "SnapEDAsch.SchLib"; VariantName = "[No Variations]"
Add component (AddParameter): Name = "Value"; Value = ""; VariantName = "[No Variations]"
Add Pin To Net: Unknown Pin: Pin U2_1-1
Add Pin To Net: Unknown Pin: Pin U2_1-6
Add Pin To Net: Unknown Pin: Pin U2_1-7
Add Pin To Net: Unknown Pin: Pin U2_1-9
Add Pin To Net: Unknown Pin: Pin U2_1-12
Add Pin To Net: Unknown Pin: Pin U2_1-13
Add Pin To Net: Unknown Pin: Pin U2_1-16
Add Pin To Net: Unknown Pin: Pin U2_1-18
Add Pin To Net: Unknown Pin: Pin U2_1-19
Add Pin To Net: Unknown Pin: Pin U2_1-24
Added Pin To Net: NetName=+5V Pin=U-1
Added Pin To Net: NetName=+5V Pin=U-2
Added Pin To Net: NetName=GND Pin=U-5
Added Pin To Net: NetName=+5V Pin=U-6
Added Pin To Net: NetName=+BAT Pin=U-10
Added Member To Class: ClassName=NeptuneSense Member=Component U MCP73833-GPI/UN
