Removed Pin From Net: NetName=GND Pin=C2_1-1
Removed Pin From Net: NetName=GND Pin=C2_2-1
Removed Pin From Net: NetName=+5V Pin=C2_2-2
Removed Pin From Net: NetName=+5V Pin=C2_3-1
Removed Pin From Net: NetName=GND Pin=C2_3-2
Removed Pin From Net: NetName=GND Pin=C2_4-1
Removed Pin From Net: NetName=+3.3V Pin=C2_4-2
Removed Pin From Net: NetName=GND Pin=C2_5-1
Removed Pin From Net: NetName=+3.3V Pin=C2_5-2
Removed Pin From Net: NetName=GND Pin=C2_6-1
Removed Pin From Net: NetName=+3.3V Pin=C2_6-2
Removed Pin From Net: NetName=GND Pin=C2_7-1
Removed Pin From Net: NetName=+3.3V Pin=C2_7-2
Removed Pin From Net: NetName=GND Pin=D2_1-2
Removed Pin From Net: NetName=GND Pin=D2_2-2
Removed Pin From Net: NetName=Vbus Pin=D2_3-C
Removed Pin From Net: NetName=+3.3V Pin=PT2_3.3V-1
Removed Pin From Net: NetName=+5V Pin=PT2_5V-1
Removed Pin From Net: NetName=Vbus Pin=PT2_Vbus-1
Removed Pin From Net: NetName=Vbus Pin=R2_1-2
Removed Pin From Net: NetName=+5V Pin=R2_2-2
Removed Pin From Net: NetName=GND Pin=R2_3-1
Removed Pin From Net: NetName=+3.3V Pin=R2_4-2
Removed Pin From Net: NetName=+3.3V Pin=R2_5-1
Removed Pin From Net: NetName=GND Pin=R2_6-1
Removed Pin From Net: NetName=GND Pin=U2_1-A1
Removed Pin From Net: NetName=GND Pin=U2_1-A12
Removed Pin From Net: NetName=GND Pin=U2_1-B1
Removed Pin From Net: NetName=GND Pin=U2_1-B12
Removed Pin From Net: NetName=GND Pin=U2_2-1
Removed Pin From Net: NetName=+3.3V Pin=U2_2-2
Removed Pin From Net: NetName=GND Pin=U2_2-15
Removed Pin From Net: NetName=GND Pin=U2_2-38
Removed Pin From Net: NetName=GND Pin=U2_2-39_1
Removed Pin From Net: NetName=GND Pin=U2_2-39_2
Removed Pin From Net: NetName=GND Pin=U2_2-39_3
Removed Pin From Net: NetName=GND Pin=U2_2-39_4
Removed Pin From Net: NetName=GND Pin=U2_2-39_5
Removed Pin From Net: NetName=GND Pin=U2_2-39_6
Removed Pin From Net: NetName=GND Pin=U2_2-39_7
Removed Pin From Net: NetName=GND Pin=U2_2-39_8
Removed Pin From Net: NetName=GND Pin=U2_2-39_9
Removed Pin From Net: NetName=GND Pin=U2_2-39_10
Removed Pin From Net: NetName=GND Pin=U2_2-39_11
Removed Pin From Net: NetName=GND Pin=U2_2-39_12
Removed Pin From Net: NetName=GND Pin=U2_2-39_13
Removed Pin From Net: NetName=GND Pin=U2_2-39_14
Removed Pin From Net: NetName=GND Pin=U2_2-39_15
Removed Pin From Net: NetName=GND Pin=U2_2-39_16
Removed Pin From Net: NetName=GND Pin=U2_2-39_17
Removed Pin From Net: NetName=GND Pin=U2_2-39_18
Removed Pin From Net: NetName=GND Pin=U2_2-39_19
Removed Pin From Net: NetName=GND Pin=U2_2-39_20
Removed Pin From Net: NetName=GND Pin=U2_2-39_21
Removed Pin From Net: NetName=+3.3V Pin=U2_3-1
Removed Pin From Net: NetName=GND Pin=U2_3-2
Removed Pin From Net: NetName=+3.3V Pin=U2_3-8
Removed Pin From Net: NetName=Vbus Pin=U2_4-1
Removed Pin From Net: NetName=+5V Pin=U2_4-2
Removed Pin From Net: NetName=GND Pin=U2_4-4
Removed Pin From Net: NetName=GND Pin=U2_4-6
Removed Pin From Net: NetName=GND Pin=U2_5-1
Removed Pin From Net: NetName=+3.3V Pin=U2_5-2
Removed Pin From Net: NetName=+5V Pin=U2_5-3
Removed Pin From Net: NetName=GND Pin=U2_6-3
Removed Pin From Net: NetName=+3.3V Pin=U2_6-6
Removed Pin From Net: NetName=+3.3V Pin=U2_6-7
Removed Pin From Net: NetName=Vbus Pin=U2_6-8
Removed Pin From Net: NetName=+3.3V Pin=U2_6-9
Removed Pin From Net: NetName=GND Pin=U2_6-29
Change Component Comment : Designator=U1_2 Old Comment=AMS1117 New Comment=AMS1117-3.3
Change Component Comment : Designator=U1_6 Old Comment=DS2782E New Comment=DS2782E+T&R
Change Component Comment : Designator=U1_7 Old Comment=MCP73833 New Comment=MCP73833-GPI/UN
Change Component Comment : Designator=U1_3 Old Comment=MP3414AGJ New Comment=MP3414AGJ-Z
Change Component Comment : Designator=U1_5 Old Comment=USB-C New Comment=*
Added Component: Designator=C1_10(CONDENSATEUR_CMS_0805)
Add component (AddParameter): Name = "Type"; Value = "CMS_0805"; VariantName = "[No Variations]"
Add component (AddParameter): Name = "Value"; Value = "10µF"; VariantName = "[No Variations]"
Added Component: Designator=C1_11(CONDENSATEUR_CMS_0805)
Add component (AddParameter): Name = "Type"; Value = "CMS_0805"; VariantName = "[No Variations]"
Add component (AddParameter): Name = "Value"; Value = "100 nF"; VariantName = "[No Variations]"
Added Component: Designator=C1_12(CONDENSATEUR_CMS_0805)
Add component (AddParameter): Name = "Type"; Value = "CMS_0805"; VariantName = "[No Variations]"
Add component (AddParameter): Name = "Value"; Value = "1uF"; VariantName = "[No Variations]"
Added Component: Designator=C1_13(CONDENSATEUR_CMS_0805)
Add component (AddParameter): Name = "Type"; Value = "CMS_0805"; VariantName = "[No Variations]"
Add component (AddParameter): Name = "Value"; Value = "4,7uF"; VariantName = "[No Variations]"
Added Component: Designator=D1_5(DIOAD928W47L399D179)
Add component (AddParameter): Name = "Check_prices"; Value = "https://www.snapeda.com/parts/BZX55C3V3/Taiwan+Semiconductor/view-part/?ref=eda"; VariantName = "[No Variations]"
Add component (AddParameter): Name = "Component Type"; Value = "Standard"; VariantName = "[No Variations]"
Add component (AddParameter): Name = "Design Item ID"; Value = "BZX55C3V3"; VariantName = "[No Variations]"
Add component (AddParameter): Name = "MF"; Value = "Taiwan Semiconductor"; VariantName = "[No Variations]"
Add component (AddParameter): Name = "MP"; Value = "BZX55C3V3"; VariantName = "[No Variations]"
Add component (AddParameter): Name = "Package"; Value = "DO-35-2 Taiwan Semiconductor"; VariantName = "[No Variations]"
Add component (AddParameter): Name = "Pin Count"; Value = "2"; VariantName = "[No Variations]"
Add component (AddParameter): Name = "SnapEDA_Link"; Value = "https://www.snapeda.com/parts/BZX55C3V3/Taiwan+Semiconductor/view-part/?ref=snap"; VariantName = "[No Variations]"
Add component (AddParameter): Name = "Source"; Value = "BZX55C3V3.SchLib"; VariantName = "[No Variations]"
Add component (AddParameter): Name = "Value"; Value = ""; VariantName = "[No Variations]"
Added Component: Designator=L1_2(INDUCTANCE_CMS_0805)
Add component (AddParameter): Name = "Type"; Value = "CMS_0805"; VariantName = "[No Variations]"
Add component (AddParameter): Name = "Value"; Value = "10µH"; VariantName = "[No Variations]"
Added Component: Designator=R1_13(RESISTANCE_CMS_0805)
Add component (AddParameter): Name = "Type"; Value = "CMS_0805"; VariantName = "[No Variations]"
Add component (AddParameter): Name = "Value"; Value = "1k"; VariantName = "[No Variations]"
Added Component: Designator=R1_14(RESISTANCE_CMS_0805)
Add component (AddParameter): Name = "Type"; Value = "CMS_0805"; VariantName = "[No Variations]"
Add component (AddParameter): Name = "Value"; Value = "1k"; VariantName = "[No Variations]"
Added Component: Designator=R1_15(RESISTANCE_CMS_0805)
Add component (AddParameter): Name = "Type"; Value = "CMS_0805"; VariantName = "[No Variations]"
Add component (AddParameter): Name = "Value"; Value = "1k"; VariantName = "[No Variations]"
Added Component: Designator=R1_16(RESISTANCE_CMS_0805)
Add component (AddParameter): Name = "Type"; Value = "CMS_0805"; VariantName = "[No Variations]"
Add component (AddParameter): Name = "Value"; Value = "10m"; VariantName = "[No Variations]"
Added Component: Designator=R1_17(RESISTANCE_CMS_0805)
Add component (AddParameter): Name = "Type"; Value = "CMS_0805"; VariantName = "[No Variations]"
Add component (AddParameter): Name = "Value"; Value = "1M"; VariantName = "[No Variations]"
Added Component: Designator=R1_18(RESISTANCE_CMS_0805)
Add component (AddParameter): Name = "Type"; Value = "CMS_0805"; VariantName = "[No Variations]"
Add component (AddParameter): Name = "Value"; Value = "330k"; VariantName = "[No Variations]"
Added Pin To Net: NetName=GND Pin=C1_10-1
Added Pin To Net: NetName=GND Pin=C1_11-1
Added Pin To Net: NetName=GND Pin=C1_13-1
Added Pin To Net: NetName=GND Pin=D1_5-A
Added Pin To Net: NetName=+BAT Pin=R1_15-2
Added Pin To Net: NetName=+BAT Pin=R1_16-2
Added Pin To Net: NetName=+BAT Pin=R1_17-2
Added Pin To Net: NetName=GND Pin=R1_18-1
Added Pin To Net: NetName=NetC1_10_2 Pin=C1_10-2
Added Pin To Net: NetName=NetC1_10_2 Pin=L1_2-1
Added Net: Name=NetC1_10_2
Added Pin To Net: NetName=NetC1_11_2 Pin=C1_11-2
Added Pin To Net: NetName=NetC1_11_2 Pin=R1_13-1
Added Pin To Net: NetName=NetC1_11_2 Pin=U1_8-1
Added Net: Name=NetC1_11_2
Added Pin To Net: NetName=NetC1_12_1 Pin=C1_12-1
Added Pin To Net: NetName=NetC1_12_1 Pin=R1_15-1
Added Pin To Net: NetName=NetC1_12_1 Pin=U1_8-6
Added Net: Name=NetC1_12_1
Added Pin To Net: NetName=NetC1_12_2 Pin=C1_12-2
Added Pin To Net: NetName=NetC1_12_2 Pin=R1_14-1
Added Pin To Net: NetName=NetC1_12_2 Pin=U1_8-7
Added Net: Name=NetC1_12_2
Added Pin To Net: NetName=NetC1_13_2 Pin=C1_13-2
Added Pin To Net: NetName=NetC1_13_2 Pin=D1_5-C
Added Pin To Net: NetName=NetC1_13_2 Pin=R1_14-2
Added Pin To Net: NetName=NetC1_13_2 Pin=R1_16-1
Added Pin To Net: NetName=NetC1_13_2 Pin=U1_8-4
Added Net: Name=NetC1_13_2
Added Pin To Net: NetName=NetL1_2_2 Pin=L1_2-2
Added Pin To Net: NetName=NetL1_2_2 Pin=R1_13-2
Added Pin To Net: NetName=NetL1_2_2 Pin=U1_8-3
Added Net: Name=NetL1_2_2
Added Pin To Net: NetName=NetR1_17_1 Pin=R1_17-1
Added Pin To Net: NetName=NetR1_17_1 Pin=R1_18-2
Added Pin To Net: NetName=NetR1_17_1 Pin=U1_8-5
Added Net: Name=NetR1_17_1
Change Class Name : Old Net Name=NeptuneSense New Net Name=NeptuneSense_outdoor_station
Added Member To Class: ClassName=NeptuneSense_outdoor_station Member=Component C1_10 CMS_0805
Added Member To Class: ClassName=NeptuneSense_outdoor_station Member=Component C1_11 CMS_0805
Added Member To Class: ClassName=NeptuneSense_outdoor_station Member=Component C1_12 CMS_0805
Added Member To Class: ClassName=NeptuneSense_outdoor_station Member=Component C1_13 CMS_0805
Added Member To Class: ClassName=NeptuneSense_outdoor_station Member=Component D1_5 BZX55C3V3
Added Member To Class: ClassName=NeptuneSense_outdoor_station Member=Component L1_2 INDUCTANCE_CMS_0805
Added Member To Class: ClassName=NeptuneSense_outdoor_station Member=Component R1_13 RESISTANCE_CMS_0805
Added Member To Class: ClassName=NeptuneSense_outdoor_station Member=Component R1_14 RESISTANCE_CMS_0805
Added Member To Class: ClassName=NeptuneSense_outdoor_station Member=Component R1_15 RESISTANCE_CMS_0805
Added Member To Class: ClassName=NeptuneSense_outdoor_station Member=Component R1_16 RESISTANCE_CMS_0805
Added Member To Class: ClassName=NeptuneSense_outdoor_station Member=Component R1_17 RESISTANCE_CMS_0805
Added Member To Class: ClassName=NeptuneSense_outdoor_station Member=Component R1_18 RESISTANCE_CMS_0805
